2021-12-18 12:33:05.183 [main] ERROR org.example.dataprovider.DataProviderCsv - parameters can not be null
2021-12-18 12:33:25.157 [main] ERROR org.example.dataprovider.DataProviderCsv - parameters can not be null
2021-12-18 12:35:15.480 [main] ERROR org.example.dataprovider.DataProviderCsv - parameters can not be null
2021-12-18 12:45:25.458 [main] ERROR org.example.dataprovider.DataProviderCsv - object can not be null
2021-12-18 12:45:25.461 [main] ERROR org.example.dataprovider.DataProviderCsv - object can not be null
2021-12-18 12:45:25.521 [main] ERROR org.example.dataprovider.DataProviderCsv - parameters can not be null
2021-12-18 12:45:25.562 [main] ERROR org.example.dataprovider.DataProviderCsv - object can not be null
2021-12-18 12:45:25.563 [main] ERROR org.example.dataprovider.DataProviderCsv - object can not be null
2021-12-18 12:45:25.606 [main] ERROR org.example.dataprovider.DataProviderCsv - parameters can not be null
2021-12-18 12:45:39.505 [main] ERROR org.example.dataprovider.DataProviderCsv - object can not be null
2021-12-18 12:45:39.507 [main] ERROR org.example.dataprovider.DataProviderCsv - object can not be null
2021-12-18 12:45:39.558 [main] ERROR org.example.dataprovider.DataProviderCsv - parameters can not be null
2021-12-18 12:45:39.559 [main] ERROR org.example.dataprovider.DataProviderCsv - object can not be null
2021-12-18 12:45:39.561 [main] ERROR org.example.dataprovider.DataProviderCsv - object can not be null
2021-12-18 12:45:39.595 [main] ERROR org.example.dataprovider.DataProviderCsv - parameters can not be null
2021-12-18 12:46:08.286 [main] ERROR org.example.dataprovider.DataProviderDB - object can not be null
2021-12-18 12:46:08.289 [main] ERROR org.example.dataprovider.DataProviderDB - object can not be null
2021-12-18 12:46:08.522 [main] ERROR org.example.dataprovider.DataProviderDB - parameters can not be null
2021-12-18 12:46:08.523 [main] ERROR org.example.dataprovider.DataProviderDB - object can not be null
2021-12-18 12:46:08.524 [main] ERROR org.example.dataprovider.DataProviderDB - object can not be null
2021-12-18 12:46:08.763 [main] ERROR org.example.dataprovider.DataProviderDB - parameters can not be null
2021-12-18 12:53:27.301 [main] ERROR org.example.dataprovider.DataProviderCsv - object can not be null
2021-12-18 12:53:27.304 [main] ERROR org.example.dataprovider.DataProviderCsv - object can not be null
2021-12-18 12:53:27.362 [main] ERROR org.example.dataprovider.DataProviderCsv - parameters can not be null
2021-12-18 12:53:27.363 [main] ERROR org.example.dataprovider.DataProviderCsv - object can not be null
2021-12-18 12:53:27.364 [main] ERROR org.example.dataprovider.DataProviderCsv - object can not be null
2021-12-18 12:53:27.396 [main] ERROR org.example.dataprovider.DataProviderCsv - parameters can not be null
2021-12-18 13:32:42.766 [main] ERROR org.example.App - There are not enough necessary arguments
2021-12-18 13:32:56.307 [main] ERROR org.example.App - There are not enough necessary arguments
